<?xml version="1.0" encoding="UTF-8"?>
<testng-results ignored="0" total="1" passed="1" failed="0" skipped="0">
  <reporter-output>
  </reporter-output>
  <suite started-at="2023-12-14T21:07:54Z" name="Suite" finished-at="2023-12-14T21:08:07Z" duration-ms="13143">
    <groups>
    </groups>
    <test started-at="2023-12-14T21:07:54Z" name="Test" finished-at="2023-12-14T21:08:07Z" duration-ms="13143">
      <class name="Meta.AWCTeamCenter.JenkinsDemoTest1">
        <test-method signature="JenkinsDemoTest1()[pri:0, instance:Meta.AWCTeamCenter.JenkinsDemoTest1@1984b1f]" started-at="2023-12-14T21:07:54Z" name="JenkinsDemoTest1" finished-at="2023-12-14T21:08:07Z" duration-ms="13118" status="PASS">
          <reporter-output>
          </reporter-output>
        </test-method> <!-- JenkinsDemoTest1 -->
      </class> <!-- Meta.AWCTeamCenter.JenkinsDemoTest1 -->
    </test> <!-- Test -->
  </suite> <!-- Suite -->
</testng-results>
